INFO:root:Selecting team captains...
INFO:root:Matched 3 and 418 together
INFO:root:Selected 3 for the NTDS
INFO:root:Selected 418 for the NTDS
INFO:root:53 and 65 signed up together
INFO:root:Matched 53 and 65 together
INFO:root:Selected 53 for the NTDS
INFO:root:Selected 65 for the NTDS
INFO:root:Matched 114 and 425 together
INFO:root:Selected 114 for the NTDS
INFO:root:Selected 425 for the NTDS
INFO:root:Matched 119 and 362 together
INFO:root:Selected 119 for the NTDS
INFO:root:Selected 362 for the NTDS
INFO:root:Matched 178 and 229 together
INFO:root:Selected 178 for the NTDS
INFO:root:Selected 229 for the NTDS
INFO:root:241 and 242 signed up together
INFO:root:Matched 241 and 242 together
INFO:root:Selected 241 for the NTDS
INFO:root:Selected 242 for the NTDS
INFO:root:Matched 249 and 342 together
INFO:root:Selected 249 for the NTDS
INFO:root:Selected 342 for the NTDS
INFO:root:Matched 255 and 101 together
INFO:root:Selected 255 for the NTDS
INFO:root:Selected 101 for the NTDS
INFO:root:259 and 254 signed up together
INFO:root:Matched 259 and 254 together
INFO:root:Selected 259 for the NTDS
INFO:root:Selected 254 for the NTDS
INFO:root:Matched 275 and 115 together
INFO:root:Selected 275 for the NTDS
INFO:root:Selected 115 for the NTDS
INFO:root:Matched 299 and 73 together
INFO:root:Selected 299 for the NTDS
INFO:root:Selected 73 for the NTDS
INFO:root:Matched 301 and 32 together
INFO:root:Selected 301 for the NTDS
INFO:root:Selected 32 for the NTDS
INFO:root:Matched 421 and 132 together
INFO:root:Selected 421 for the NTDS
INFO:root:Selected 132 for the NTDS
INFO:root:Selecting guaranteed beginners for each team...
INFO:root:Matched 320 and 372 together
INFO:root:Selected 320 for the NTDS
INFO:root:Selected 372 for the NTDS
INFO:root:Matched 424 and 74 together
INFO:root:Selected 424 for the NTDS
INFO:root:Selected 74 for the NTDS
INFO:root:136 and 135 signed up together
INFO:root:Matched 136 and 135 together
INFO:root:Selected 136 for the NTDS
INFO:root:Selected 135 for the NTDS
INFO:root:152 and 151 signed up together
INFO:root:Matched 152 and 151 together
INFO:root:Selected 152 for the NTDS
INFO:root:Selected 151 for the NTDS
INFO:root:Matched 269 and 41 together
INFO:root:Selected 269 for the NTDS
INFO:root:Selected 41 for the NTDS
INFO:root:103 and 102 signed up together
INFO:root:Matched 103 and 102 together
INFO:root:Selected 103 for the NTDS
INFO:root:Selected 102 for the NTDS
INFO:root:224 and 225 signed up together
INFO:root:Matched 224 and 225 together
INFO:root:Selected 224 for the NTDS
INFO:root:Selected 225 for the NTDS
INFO:root:Matched 333 and 113 together
INFO:root:Selected 333 for the NTDS
INFO:root:Selected 113 for the NTDS
INFO:root:353 and 363 signed up together
INFO:root:Matched 353 and 363 together
INFO:root:Selected 353 for the NTDS
INFO:root:Selected 363 for the NTDS
INFO:root:230 and 231 signed up together
INFO:root:Matched 230 and 231 together
INFO:root:Selected 230 for the NTDS
INFO:root:Selected 231 for the NTDS
INFO:root:190 and 211 signed up together
INFO:root:Matched 190 and 211 together
INFO:root:Selected 190 for the NTDS
INFO:root:Selected 211 for the NTDS
INFO:root:128 and 130 signed up together
INFO:root:Matched 128 and 130 together
INFO:root:Selected 128 for the NTDS
INFO:root:Selected 130 for the NTDS
INFO:root:11 and 17 signed up together
INFO:root:Matched 11 and 17 together
INFO:root:Selected 11 for the NTDS
INFO:root:Selected 17 for the NTDS
INFO:root:Matched 308 and 133 together
INFO:root:Selected 308 for the NTDS
INFO:root:Selected 133 for the NTDS
INFO:root:Matched 324 and 134 together
INFO:root:Selected 324 for the NTDS
INFO:root:Selected 134 for the NTDS
INFO:root:Matched 89 and 131 together
INFO:root:Selected 89 for the NTDS
INFO:root:Selected 131 for the NTDS
INFO:root:Found no match for 348
INFO:root:412 and 403 signed up together
INFO:root:Matched 412 and 403 together
INFO:root:Selected 412 for the NTDS
INFO:root:Selected 403 for the NTDS
INFO:root:Selecting guaranteed lions for each team...
INFO:root:Matched 248 and 267 together
INFO:root:Selected 248 for the NTDS
INFO:root:Selected 267 for the NTDS
INFO:root:92 and 86 signed up together
INFO:root:Matched 92 and 86 together
INFO:root:Selected 92 for the NTDS
INFO:root:Selected 86 for the NTDS
INFO:root:406 and 401 signed up together
INFO:root:Matched 406 and 401 together
INFO:root:Selected 406 for the NTDS
INFO:root:Selected 401 for the NTDS
INFO:root:46 and 5 signed up together
INFO:root:Matched 46 and 5 together
INFO:root:Selected 46 for the NTDS
INFO:root:Selected 5 for the NTDS
INFO:root:179 and 162 signed up together
INFO:root:Matched 179 and 162 together
INFO:root:Selected 179 for the NTDS
INFO:root:Selected 162 for the NTDS
INFO:root:322 and 323 signed up together
INFO:root:Matched 322 and 323 together
INFO:root:Selected 322 for the NTDS
INFO:root:Selected 323 for the NTDS
INFO:root:277 and 278 signed up together
INFO:root:Matched 277 and 278 together
INFO:root:Selected 277 for the NTDS
INFO:root:Selected 278 for the NTDS
INFO:root:122 and 127 signed up together
INFO:root:Matched 122 and 127 together
INFO:root:Selected 122 for the NTDS
INFO:root:Selected 127 for the NTDS
INFO:root:222 and 221 signed up together
INFO:root:Matched 222 and 221 together
INFO:root:Selected 222 for the NTDS
INFO:root:Selected 221 for the NTDS
INFO:root:Matched 263 and 166 together
INFO:root:Selected 263 for the NTDS
INFO:root:Selected 166 for the NTDS
INFO:root:Matched 240 and 226 together
INFO:root:Selected 240 for the NTDS
INFO:root:Selected 226 for the NTDS
INFO:root:Matched 422 and 264 together
INFO:root:Selected 422 for the NTDS
INFO:root:Selected 264 for the NTDS
INFO:root:79 and 110 signed up together
INFO:root:Matched 79 and 110 together
INFO:root:Selected 79 for the NTDS
INFO:root:Selected 110 for the NTDS
INFO:root:Matched 243 and 22 together
INFO:root:Selected 243 for the NTDS
INFO:root:Selected 22 for the NTDS
INFO:root:272 and 273 signed up together
INFO:root:Matched 272 and 273 together
INFO:root:Selected 272 for the NTDS
INFO:root:Selected 273 for the NTDS
INFO:root:Matched 124 and 393 together
INFO:root:Selected 124 for the NTDS
INFO:root:Selected 393 for the NTDS
INFO:root:Matched 280 and 218 together
INFO:root:Selected 280 for the NTDS
INFO:root:Selected 218 for the NTDS
INFO:root:Matched 227 and 117 together
INFO:root:Selected 227 for the NTDS
INFO:root:Selected 117 for the NTDS
INFO:root:52 and 60 signed up together
INFO:root:Matched 52 and 60 together
INFO:root:Selected 52 for the NTDS
INFO:root:Selected 60 for the NTDS
INFO:root:294 and 293 signed up together
INFO:root:Matched 294 and 293 together
INFO:root:Selected 294 for the NTDS
INFO:root:Selected 293 for the NTDS
INFO:root:120 and 121 signed up together
INFO:root:Matched 120 and 121 together
INFO:root:Selected 120 for the NTDS
INFO:root:Selected 121 for the NTDS
INFO:root:Matched 251 and 205 together
INFO:root:Selected 251 for the NTDS
INFO:root:Selected 205 for the NTDS
INFO:root:Matched 256 and 381 together
INFO:root:Selected 256 for the NTDS
INFO:root:Selected 381 for the NTDS
INFO:root:Matched 274 and 118 together
INFO:root:Selected 274 for the NTDS
INFO:root:Selected 118 for the NTDS
INFO:root:236 and 233 signed up together
INFO:root:Matched 236 and 233 together
INFO:root:Selected 236 for the NTDS
INFO:root:Selected 233 for the NTDS
INFO:root:Matched 244 and 336 together
INFO:root:Selected 244 for the NTDS
INFO:root:Selected 336 for the NTDS
INFO:root:Matched 262 and 29 together
INFO:root:Selected 262 for the NTDS
INFO:root:Selected 29 for the NTDS
INFO:root:Matched 311 and 78 together
INFO:root:Selected 311 for the NTDS
INFO:root:Selected 78 for the NTDS
INFO:root:266 and 268 signed up together
INFO:root:Matched 266 and 268 together
INFO:root:Selected 266 for the NTDS
INFO:root:Selected 268 for the NTDS
INFO:root:276 and 279 signed up together
INFO:root:Matched 276 and 279 together
INFO:root:Selected 276 for the NTDS
INFO:root:Selected 279 for the NTDS
INFO:root:Matched 247 and 97 together
INFO:root:Selected 247 for the NTDS
INFO:root:Selected 97 for the NTDS
INFO:root:169 and 160 signed up together
INFO:root:Matched 169 and 160 together
INFO:root:Selected 169 for the NTDS
INFO:root:Selected 160 for the NTDS
INFO:root:Matched 234 and 331 together
INFO:root:Selected 234 for the NTDS
INFO:root:Selected 331 for the NTDS
INFO:root:Matched 250 and 42 together
INFO:root:Selected 250 for the NTDS
INFO:root:Selected 42 for the NTDS
INFO:root:126 and 129 signed up together
INFO:root:Matched 126 and 129 together
INFO:root:Selected 126 for the NTDS
INFO:root:Selected 129 for the NTDS
INFO:root:369 and 374 signed up together
INFO:root:Matched 369 and 374 together
INFO:root:Selected 369 for the NTDS
INFO:root:Selected 374 for the NTDS
INFO:root:245 and 246 signed up together
INFO:root:Matched 245 and 246 together
INFO:root:Selected 245 for the NTDS
INFO:root:Selected 246 for the NTDS
INFO:root:319 and 321 signed up together
INFO:root:Matched 319 and 321 together
INFO:root:Selected 319 for the NTDS
INFO:root:Selected 321 for the NTDS
INFO:root:187 and 185 signed up together
INFO:root:Matched 187 and 185 together
INFO:root:Selected 187 for the NTDS
INFO:root:Selected 185 for the NTDS
INFO:root:223 and 219 signed up together
INFO:root:Matched 223 and 219 together
INFO:root:Selected 223 for the NTDS
INFO:root:Selected 219 for the NTDS
INFO:root:Matched 91 and 296 together
INFO:root:Selected 91 for the NTDS
INFO:root:Selected 296 for the NTDS
INFO:root:Matched 253 and 365 together
INFO:root:Selected 253 for the NTDS
INFO:root:Selected 365 for the NTDS
INFO:root:38 and 35 signed up together
INFO:root:Matched 38 and 35 together
INFO:root:Selected 38 for the NTDS
INFO:root:Selected 35 for the NTDS
INFO:root:Matched 260 and 94 together
INFO:root:Selected 260 for the NTDS
INFO:root:Selected 94 for the NTDS
INFO:root:137 and 125 signed up together
INFO:root:Matched 137 and 125 together
INFO:root:Selected 137 for the NTDS
INFO:root:Selected 125 for the NTDS
INFO:root:Matched 105 and 44 together
INFO:root:Selected 105 for the NTDS
INFO:root:Selected 44 for the NTDS
INFO:root:352 and 368 signed up together
INFO:root:Matched 352 and 368 together
INFO:root:Selected 352 for the NTDS
INFO:root:Selected 368 for the NTDS
INFO:root:Matched 252 and 214 together
INFO:root:Selected 252 for the NTDS
INFO:root:Selected 214 for the NTDS
INFO:root:258 and 257 signed up together
INFO:root:Matched 258 and 257 together
INFO:root:Selected 258 for the NTDS
INFO:root:Selected 257 for the NTDS
INFO:root:Matched 239 and 56 together
INFO:root:Selected 239 for the NTDS
INFO:root:Selected 56 for the NTDS
INFO:root:Selecting the bulk of contestants that have signed up...
INFO:root:Matched 389 and 140 together
INFO:root:Selected 389 for the NTDS
INFO:root:Selected 140 for the NTDS
INFO:root:171 and 172 signed up together
INFO:root:Matched 171 and 172 together
INFO:root:Selected 171 for the NTDS
INFO:root:Selected 172 for the NTDS
INFO:root:Matched 220 and 83 together
INFO:root:Selected 220 for the NTDS
INFO:root:Selected 83 for the NTDS
INFO:root:Matched 163 and 286 together
INFO:root:Selected 163 for the NTDS
INFO:root:Selected 286 for the NTDS
INFO:root:54 and 9 signed up together
INFO:root:Matched 54 and 9 together
INFO:root:Selected 54 for the NTDS
INFO:root:Selected 9 for the NTDS
INFO:root:6 and 2 signed up together
INFO:root:Matched 6 and 2 together
INFO:root:Selected 6 for the NTDS
INFO:root:Selected 2 for the NTDS
INFO:root:Matched 395 and 200 together
INFO:root:Selected 395 for the NTDS
INFO:root:Selected 200 for the NTDS
INFO:root:154 and 155 signed up together
INFO:root:Matched 154 and 155 together
INFO:root:Selected 154 for the NTDS
INFO:root:Selected 155 for the NTDS
INFO:root:328 and 330 signed up together
INFO:root:Matched 328 and 330 together
INFO:root:Selected 328 for the NTDS
INFO:root:Selected 330 for the NTDS
INFO:root:173 and 176 signed up together
INFO:root:Matched 173 and 176 together
INFO:root:Selected 173 for the NTDS
INFO:root:Selected 176 for the NTDS
INFO:root:410 and 417 signed up together
INFO:root:Matched 410 and 417 together
INFO:root:Selected 410 for the NTDS
INFO:root:Selected 417 for the NTDS
INFO:root:Matched 291 and 271 together
INFO:root:Selected 291 for the NTDS
INFO:root:Selected 271 for the NTDS
INFO:root:Matched 116 and 39 together
INFO:root:Selected 116 for the NTDS
INFO:root:Selected 39 for the NTDS
INFO:root:4 and 50 signed up together
INFO:root:Matched 4 and 50 together
INFO:root:Selected 4 for the NTDS
INFO:root:Selected 50 for the NTDS
INFO:root:Matched 384 and 216 together
INFO:root:Selected 384 for the NTDS
INFO:root:Selected 216 for the NTDS
INFO:root:Matched 84 and 402 together
INFO:root:Selected 84 for the NTDS
INFO:root:Selected 402 for the NTDS
INFO:root:Found no match for 238
INFO:root:109 and 111 signed up together
INFO:root:Matched 109 and 111 together
INFO:root:Selected 109 for the NTDS
INFO:root:Selected 111 for the NTDS
INFO:root:339 and 379 signed up together
INFO:root:Matched 339 and 379 together
INFO:root:Selected 339 for the NTDS
INFO:root:Selected 379 for the NTDS
INFO:root:175 and 142 signed up together
INFO:root:Matched 175 and 142 together
INFO:root:Selected 175 for the NTDS
INFO:root:Selected 142 for the NTDS
INFO:root:Matched 87 and 10 together
INFO:root:Selected 87 for the NTDS
INFO:root:Selected 10 for the NTDS
INFO:root:Matched 104 and 25 together
INFO:root:Selected 104 for the NTDS
INFO:root:Selected 25 for the NTDS
INFO:root:Matched 383 and 19 together
INFO:root:Selected 383 for the NTDS
INFO:root:Selected 19 for the NTDS
INFO:root:Matched 51 and 195 together
INFO:root:Selected 51 for the NTDS
INFO:root:Selected 195 for the NTDS
INFO:root:396 and 413 signed up together
INFO:root:Matched 396 and 413 together
INFO:root:Selected 396 for the NTDS
INFO:root:Selected 413 for the NTDS
INFO:root:292 and 290 signed up together
INFO:root:Matched 292 and 290 together
INFO:root:Selected 292 for the NTDS
INFO:root:Selected 290 for the NTDS
INFO:root:61 and 58 signed up together
INFO:root:Matched 61 and 58 together
INFO:root:Selected 61 for the NTDS
INFO:root:Selected 58 for the NTDS
INFO:root:158 and 148 signed up together
INFO:root:Matched 158 and 148 together
INFO:root:Selected 158 for the NTDS
INFO:root:Selected 148 for the NTDS
INFO:root:Matched 192 and 408 together
INFO:root:Selected 192 for the NTDS
INFO:root:Selected 408 for the NTDS
INFO:root:164 and 165 signed up together
INFO:root:Matched 164 and 165 together
INFO:root:Selected 164 for the NTDS
INFO:root:Selected 165 for the NTDS
INFO:root:Matched 376 and 332 together
INFO:root:Selected 376 for the NTDS
INFO:root:Selected 332 for the NTDS
INFO:root:Matched 366 and 168 together
INFO:root:Selected 366 for the NTDS
INFO:root:Selected 168 for the NTDS
INFO:root:196 and 217 signed up together
INFO:root:Matched 196 and 217 together
INFO:root:Selected 196 for the NTDS
INFO:root:Selected 217 for the NTDS
INFO:root:180 and 183 signed up together
INFO:root:Matched 180 and 183 together
INFO:root:Selected 180 for the NTDS
INFO:root:Selected 183 for the NTDS
INFO:root:Matched 48 and 298 together
INFO:root:Selected 48 for the NTDS
INFO:root:Selected 298 for the NTDS
INFO:root:Matched 367 and 318 together
INFO:root:Selected 367 for the NTDS
INFO:root:Selected 318 for the NTDS
INFO:root:415 and 409 signed up together
INFO:root:Matched 415 and 409 together
INFO:root:Selected 415 for the NTDS
INFO:root:Selected 409 for the NTDS
INFO:root:Found no match for 326
INFO:root:Matched 307 and 93 together
INFO:root:Selected 307 for the NTDS
INFO:root:Selected 93 for the NTDS
INFO:root:34 and 40 signed up together
INFO:root:Matched 34 and 40 together
INFO:root:Selected 34 for the NTDS
INFO:root:Selected 40 for the NTDS
INFO:root:144 and 143 signed up together
INFO:root:Matched 144 and 143 together
INFO:root:Selected 144 for the NTDS
INFO:root:Selected 143 for the NTDS
INFO:root:Matched 288 and 398 together
INFO:root:Selected 288 for the NTDS
INFO:root:Selected 398 for the NTDS
INFO:root:325 and 306 signed up together
INFO:root:Matched 325 and 306 together
INFO:root:Selected 325 for the NTDS
INFO:root:Selected 306 for the NTDS
INFO:root:399 and 407 signed up together
INFO:root:Matched 399 and 407 together
INFO:root:Selected 399 for the NTDS
INFO:root:Selected 407 for the NTDS
INFO:root:Matched 16 and 96 together
INFO:root:Selected 16 for the NTDS
INFO:root:Selected 96 for the NTDS
INFO:root:145 and 147 signed up together
INFO:root:Matched 145 and 147 together
INFO:root:Selected 145 for the NTDS
INFO:root:Selected 147 for the NTDS
INFO:root:344 and 385 signed up together
INFO:root:Matched 344 and 385 together
INFO:root:Selected 344 for the NTDS
INFO:root:Selected 385 for the NTDS
INFO:root:Matched 71 and 186 together
INFO:root:Selected 71 for the NTDS
INFO:root:Selected 186 for the NTDS
INFO:root:Matched 317 and 100 together
INFO:root:Selected 317 for the NTDS
INFO:root:Selected 100 for the NTDS
INFO:root:Matched 1 and 210 together
INFO:root:Selected 1 for the NTDS
INFO:root:Selected 210 for the NTDS
INFO:root:405 and 391 signed up together
INFO:root:Matched 405 and 391 together
INFO:root:Selected 405 for the NTDS
INFO:root:Selected 391 for the NTDS
INFO:root:33 and 15 signed up together
INFO:root:Matched 33 and 15 together
INFO:root:Selected 33 for the NTDS
INFO:root:Selected 15 for the NTDS
INFO:root:202 and 194 signed up together
INFO:root:Matched 202 and 194 together
INFO:root:Selected 202 for the NTDS
INFO:root:Selected 194 for the NTDS
INFO:root:98 and 95 signed up together
INFO:root:Matched 98 and 95 together
INFO:root:Selected 98 for the NTDS
INFO:root:Selected 95 for the NTDS
INFO:root:146 and 208 signed up together
INFO:root:Matched 146 and 208 together
INFO:root:Selected 146 for the NTDS
INFO:root:Selected 208 for the NTDS
INFO:root:174 and 181 signed up together
INFO:root:Matched 174 and 181 together
INFO:root:Selected 174 for the NTDS
INFO:root:Selected 181 for the NTDS
INFO:root:206 and 209 signed up together
INFO:root:Matched 206 and 209 together
INFO:root:Selected 206 for the NTDS
INFO:root:Selected 209 for the NTDS
INFO:root:Matched 90 and 207 together
INFO:root:Selected 90 for the NTDS
INFO:root:Selected 207 for the NTDS
INFO:root:312 and 313 signed up together
INFO:root:Matched 312 and 313 together
INFO:root:Selected 312 for the NTDS
INFO:root:Selected 313 for the NTDS
INFO:root:283 and 282 signed up together
INFO:root:Matched 283 and 282 together
INFO:root:Selected 283 for the NTDS
INFO:root:Selected 282 for the NTDS
INFO:root:20 and 27 signed up together
INFO:root:Matched 20 and 27 together
INFO:root:Selected 20 for the NTDS
INFO:root:Selected 27 for the NTDS
INFO:root:Matched 18 and 334 together
INFO:root:Selected 18 for the NTDS
INFO:root:Selected 334 for the NTDS
INFO:root:197 and 153 signed up together
INFO:root:Matched 197 and 153 together
INFO:root:Selected 197 for the NTDS
INFO:root:Selected 153 for the NTDS
INFO:root:Matched 75 and 30 together
INFO:root:Selected 75 for the NTDS
INFO:root:Selected 30 for the NTDS
INFO:root:Matched 316 and 261 together
INFO:root:Selected 316 for the NTDS
INFO:root:Selected 261 for the NTDS
INFO:root:356 and 388 signed up together
INFO:root:Matched 356 and 388 together
INFO:root:Selected 356 for the NTDS
INFO:root:Selected 388 for the NTDS
INFO:root:Matched 26 and 265 together
INFO:root:Selected 26 for the NTDS
INFO:root:Selected 265 for the NTDS
INFO:root:Matched 215 and 237 together
INFO:root:Selected 215 for the NTDS
INFO:root:Selected 237 for the NTDS
INFO:root:64 and 68 signed up together
INFO:root:Matched 64 and 68 together
INFO:root:Selected 64 for the NTDS
INFO:root:Selected 68 for the NTDS
INFO:root:360 and 351 signed up together
INFO:root:Matched 360 and 351 together
INFO:root:Selected 360 for the NTDS
INFO:root:Selected 351 for the NTDS
INFO:root:59 and 63 signed up together
INFO:root:Matched 59 and 63 together
INFO:root:Selected 59 for the NTDS
INFO:root:Selected 63 for the NTDS
INFO:root:Matched 108 and 47 together
INFO:root:Selected 108 for the NTDS
INFO:root:Selected 47 for the NTDS
INFO:root:337 and 341 signed up together
INFO:root:Matched 337 and 341 together
INFO:root:Selected 337 for the NTDS
INFO:root:Selected 341 for the NTDS
INFO:root:Found no match for 300
INFO:root:Matched 364 and 72 together
INFO:root:Selected 364 for the NTDS
INFO:root:Selected 72 for the NTDS
INFO:root:371 and 420 signed up together
INFO:root:Matched 371 and 420 together
INFO:root:Selected 371 for the NTDS
INFO:root:Selected 420 for the NTDS
INFO:root:159 and 157 signed up together
INFO:root:Matched 159 and 157 together
INFO:root:Selected 159 for the NTDS
INFO:root:Selected 157 for the NTDS
INFO:root:81 and 88 signed up together
INFO:root:Matched 81 and 88 together
INFO:root:Selected 81 for the NTDS
INFO:root:Selected 88 for the NTDS
INFO:root:Matched 76 and 177 together
INFO:root:Selected 76 for the NTDS
INFO:root:Selected 177 for the NTDS
INFO:root:Matched 343 and 303 together
INFO:root:Selected 343 for the NTDS
INFO:root:Selected 303 for the NTDS
INFO:root:Matched 397 and 329 together
INFO:root:Selected 397 for the NTDS
INFO:root:Selected 329 for the NTDS
INFO:root:Matched 419 and 55 together
INFO:root:Selected 419 for the NTDS
INFO:root:Selected 55 for the NTDS
INFO:root:Found no match for 21
INFO:root:203 and 204 signed up together
INFO:root:Matched 203 and 204 together
INFO:root:Selected 203 for the NTDS
INFO:root:Selected 204 for the NTDS
INFO:root:Matched 232 and 414 together
INFO:root:Selected 232 for the NTDS
INFO:root:Selected 414 for the NTDS
INFO:root:378 and 400 signed up together
INFO:root:Matched 378 and 400 together
INFO:root:Selected 378 for the NTDS
INFO:root:Selected 400 for the NTDS
INFO:root:170 and 199 signed up together
INFO:root:Matched 170 and 199 together
INFO:root:Selected 170 for the NTDS
INFO:root:Selected 199 for the NTDS
INFO:root:284 and 295 signed up together
INFO:root:Matched 284 and 295 together
INFO:root:Selected 284 for the NTDS
INFO:root:Selected 295 for the NTDS
INFO:root:13 and 8 signed up together
INFO:root:Matched 13 and 8 together
INFO:root:Selected 13 for the NTDS
INFO:root:Selected 8 for the NTDS
INFO:root:189 and 182 signed up together
INFO:root:Matched 189 and 182 together
INFO:root:Selected 189 for the NTDS
INFO:root:Selected 182 for the NTDS
INFO:root:357 and 335 signed up together
INFO:root:Matched 357 and 335 together
INFO:root:Selected 357 for the NTDS
INFO:root:Selected 335 for the NTDS
INFO:root:82 and 77 signed up together
INFO:root:Matched 82 and 77 together
INFO:root:Selected 82 for the NTDS
INFO:root:Selected 77 for the NTDS
INFO:root:Matched 24 and 285 together
INFO:root:Selected 24 for the NTDS
INFO:root:Selected 285 for the NTDS
INFO:root:212 and 167 signed up together
INFO:root:Matched 212 and 167 together
INFO:root:Selected 212 for the NTDS
INFO:root:Selected 167 for the NTDS
